<?xml version="1.0" encoding="UTF-8"?>
<!-- Generated by org.testng.reporters.JUnitReportReporter -->
<testsuite hostname="CAUE" failures="0" tests="1" name="projeto.stefanini.tests.TestesTestNg" time="9.767" errors="0" timestamp="2021-03-16T18:05:06 BRT" skipped="0">
  <testcase classname="projeto.stefanini.tests.TestesTestNg" name="reservarPassagem" time="9.767"/>
  <system-out/>
</testsuite> <!-- projeto.stefanini.tests.TestesTestNg -->
